<?xml version="1.0" encoding="UTF-8"?>
<testng-results ignored="0" total="0" passed="0" failed="0" skipped="0">
  <reporter-output>
  </reporter-output>
  <suite started-at="2021-10-22T22:25:00 COT" name="domain.PruebaTest" finished-at="2021-10-22T22:25:00 COT" duration-ms="11">
    <groups>
    </groups>
    <test started-at="2021-10-22T22:25:00 COT" name="Command line test" finished-at="2021-10-22T22:25:00 COT" duration-ms="11">
    </test> <!-- Command line test -->
  </suite> <!-- domain.PruebaTest -->
</testng-results>
